<?xml version="1.0" encoding="UTF-8"?>
<!-- Generated by org.testng.reporters.JUnitXMLReporter -->
<testsuite hostname="LAPTOP-Q72PD7FI" ignored="0" name="Test" tests="17" failures="4" timestamp="02 Sep 2019 07:16:28 GMT" time="109.069" errors="0">
  <testcase name="userLogin" time="4.36" classname="tests.TC_Login_01"/>
  <testcase name="loginDDT" time="5.786" classname="tests.TC_LoginDataDriven_02"/>
  <testcase name="loginDDT" time="9.542" classname="tests.TC_LoginDataDriven_02">
    <failure type="java.lang.AssertionError" message="expected [true] but found [false]">
      <![CDATA[java.lang.AssertionError: expected [true] but found [false]
at tests.TC_LoginDataDriven_02.loginDDT(TC_LoginDataDriven_02.java:56)
... Removed 29 stack frames]]>
    </failure>
  </testcase> <!-- loginDDT -->
  <testcase name="loginDDT" time="9.473" classname="tests.TC_LoginDataDriven_02">
    <failure type="java.lang.AssertionError" message="expected [true] but found [false]">
      <![CDATA[java.lang.AssertionError: expected [true] but found [false]
at tests.TC_LoginDataDriven_02.loginDDT(TC_LoginDataDriven_02.java:56)
... Removed 29 stack frames]]>
    </failure>
  </testcase> <!-- loginDDT -->
  <testcase name="loginDDT" time="9.447" classname="tests.TC_LoginDataDriven_02">
    <failure type="java.lang.AssertionError" message="expected [true] but found [false]">
      <![CDATA[java.lang.AssertionError: expected [true] but found [false]
at tests.TC_LoginDataDriven_02.loginDDT(TC_LoginDataDriven_02.java:56)
... Removed 29 stack frames]]>
    </failure>
  </testcase> <!-- loginDDT -->
  <testcase name="registerNewAccount" time="2.391" classname="tests.TC_RegisterNewAccountTest_03">
    <failure type="java.lang.AssertionError" message="expected [true] but found [false]">
      <![CDATA[java.lang.AssertionError: expected [true] but found [false]
at tests.TC_RegisterNewAccountTest_03.registerNewAccount(TC_RegisterNewAccountTest_03.java:76)
... Removed 29 stack frames]]>
    </failure>
  </testcase> <!-- registerNewAccount -->
  <testcase name="loginUser" time="2.345" classname="tests.TC_CreateBranchesAndAddStaff_04"/>
  <testcase name="createBranch" time="4.925" classname="tests.TC_CreateBranchesAndAddStaff_04"/>
  <testcase name="createBranch" time="5.056" classname="tests.TC_CreateBranchesAndAddStaff_04"/>
  <testcase name="createBranch" time="5.027" classname="tests.TC_CreateBranchesAndAddStaff_04"/>
  <testcase name="createBranch" time="5.041" classname="tests.TC_CreateBranchesAndAddStaff_04"/>
  <testcase name="createBranch" time="5.027" classname="tests.TC_CreateBranchesAndAddStaff_04"/>
  <testcase name="createStaff" time="4.372" classname="tests.TC_CreateBranchesAndAddStaff_04"/>
  <testcase name="createStaff" time="4.475" classname="tests.TC_CreateBranchesAndAddStaff_04"/>
  <testcase name="createStaff" time="4.5" classname="tests.TC_CreateBranchesAndAddStaff_04"/>
  <testcase name="createStaff" time="4.503" classname="tests.TC_CreateBranchesAndAddStaff_04"/>
  <testcase name="createStaff" time="4.542" classname="tests.TC_CreateBranchesAndAddStaff_04"/>
</testsuite> <!-- Test -->
