<?xml version="1.0" encoding="UTF-8"?>
<!-- Generated by org.testng.reporters.JUnitXMLReporter -->
<testsuite hostname="LAPTOP-Q72PD7FI" ignored="0" name="Test" tests="6" failures="3" timestamp="28 Aug 2019 22:20:47 GMT" time="71.566" errors="0">
  <testcase name="userLogin" time="4.47" classname="tests.LoginTest"/>
  <testcase name="loginDDT" time="5.982" classname="tests.TC_LoginDDT_01"/>
  <testcase name="loginDDT" time="14.674" classname="tests.TC_LoginDDT_01">
    <failure type="java.lang.AssertionError" message="expected [true] but found [false]">
      <![CDATA[java.lang.AssertionError: expected [true] but found [false]
at tests.TC_LoginDDT_01.loginDDT(TC_LoginDDT_01.java:52)
... Removed 32 stack frames]]>
    </failure>
  </testcase> <!-- loginDDT -->
  <testcase name="loginDDT" time="14.589" classname="tests.TC_LoginDDT_01">
    <failure type="java.lang.AssertionError" message="expected [true] but found [false]">
      <![CDATA[java.lang.AssertionError: expected [true] but found [false]
at tests.TC_LoginDDT_01.loginDDT(TC_LoginDDT_01.java:52)
... Removed 32 stack frames]]>
    </failure>
  </testcase> <!-- loginDDT -->
  <testcase name="loginDDT" time="14.568" classname="tests.TC_LoginDDT_01">
    <failure type="java.lang.AssertionError" message="expected [true] but found [false]">
      <![CDATA[java.lang.AssertionError: expected [true] but found [false]
at tests.TC_LoginDDT_01.loginDDT(TC_LoginDDT_01.java:52)
... Removed 32 stack frames]]>
    </failure>
  </testcase> <!-- loginDDT -->
  <testcase name="registerNewAccount" time="1.367" classname="tests.RegisterNewAccountTest"/>
</testsuite> <!-- Test -->
