<?xml version="1.0" encoding="UTF-8"?>
<!-- Generated by org.testng.reporters.JUnitXMLReporter -->
<testsuite hostname="LAPTOP-Q72PD7FI" ignored="0" name="Test" tests="6" failures="3" timestamp="30 Aug 2019 12:02:41 GMT" time="71.348" errors="0">
  <testcase name="userLogin" time="4.47" classname="tests.TC_Login_01"/>
  <testcase name="loginDDT" time="6.035" classname="tests.TC_LoginDataDriven_02"/>
  <testcase name="loginDDT" time="14.853" classname="tests.TC_LoginDataDriven_02">
    <failure type="java.lang.AssertionError" message="expected [true] but found [false]">
      <![CDATA[java.lang.AssertionError: expected [true] but found [false]
at tests.TC_LoginDataDriven_02.loginDDT(TC_LoginDataDriven_02.java:55)
... Removed 32 stack frames]]>
    </failure>
  </testcase> <!-- loginDDT -->
  <testcase name="loginDDT" time="14.779" classname="tests.TC_LoginDataDriven_02">
    <failure type="java.lang.AssertionError" message="expected [true] but found [false]">
      <![CDATA[java.lang.AssertionError: expected [true] but found [false]
at tests.TC_LoginDataDriven_02.loginDDT(TC_LoginDataDriven_02.java:55)
... Removed 32 stack frames]]>
    </failure>
  </testcase> <!-- loginDDT -->
  <testcase name="loginDDT" time="14.734" classname="tests.TC_LoginDataDriven_02">
    <failure type="java.lang.AssertionError" message="expected [true] but found [false]">
      <![CDATA[java.lang.AssertionError: expected [true] but found [false]
at tests.TC_LoginDataDriven_02.loginDDT(TC_LoginDataDriven_02.java:55)
... Removed 32 stack frames]]>
    </failure>
  </testcase> <!-- loginDDT -->
  <testcase name="registerNewAccount" time="1.381" classname="tests.TC_RegisterNewAccountTest_03"/>
</testsuite> <!-- Test -->
