<?xml version="1.0" encoding="UTF-8"?>
<testsuite name="TestSuite" time="11.824" tests="6" errors="0" skipped="0" failures="3">
  <properties>
[...]
</properties>
  <testcase name="userLogin" classname="tests.LoginTest" time="4.474"/>
  <testcase name="loginDDT" classname="tests.TC_LoginDDT_01" time="5.982"/>
  <testcase name="loginDDT" classname="tests.TC_LoginDDT_01" time="14.684">
    <failure message="expected [true] but found [false]" type="java.lang.AssertionError">java.lang.AssertionError: expected [true] but found [false]
	at org.testng.Assert.fail(Assert.java:96)
	at org.testng.Assert.failNotEquals(Assert.java:776)
	at org.testng.Assert.assertTrue(Assert.java:44)
	at org.testng.Assert.assertTrue(Assert.java:54)
	at tests.TC_LoginDDT_01.loginDDT(TC_LoginDDT_01.java:52)
</failure>
    <system-out><![CDATA[Screenshot taken
]]></system-out>
    <system-err><![CDATA[console.error: BroadcastService: 
  receivedBroadcastMessage: handler for
  remote-settings/monitor_changes
  threw error:
  Message: Error: Polling for changes failed: http://%(server)s/dummy/blocklist//buckets/monitor/collections/changes/records?_expected=%221567023479829%22 is not a valid URL..
  Stack:
    remoteSettingsFunction/remoteSettings.pollChanges@resource://services-settings/remote-settings.js:201:13

]]></system-err>
  </testcase>
  <testcase name="loginDDT" classname="tests.TC_LoginDDT_01" time="14.59">
    <failure message="expected [true] but found [false]" type="java.lang.AssertionError">java.lang.AssertionError: expected [true] but found [false]
	at org.testng.Assert.fail(Assert.java:96)
	at org.testng.Assert.failNotEquals(Assert.java:776)
	at org.testng.Assert.assertTrue(Assert.java:44)
	at org.testng.Assert.assertTrue(Assert.java:54)
	at tests.TC_LoginDDT_01.loginDDT(TC_LoginDDT_01.java:52)
</failure>
    <system-out><![CDATA[Screenshot taken
]]></system-out>
  </testcase>
  <testcase name="loginDDT" classname="tests.TC_LoginDDT_01" time="14.568">
    <failure message="expected [true] but found [false]" type="java.lang.AssertionError">java.lang.AssertionError: expected [true] but found [false]
	at org.testng.Assert.fail(Assert.java:96)
	at org.testng.Assert.failNotEquals(Assert.java:776)
	at org.testng.Assert.assertTrue(Assert.java:44)
	at org.testng.Assert.assertTrue(Assert.java:54)
	at tests.TC_LoginDDT_01.loginDDT(TC_LoginDDT_01.java:52)
</failure>
    <system-out><![CDATA[Screenshot taken
]]></system-out>
  </testcase>
  <testcase name="registerNewAccount" classname="tests.RegisterNewAccountTest" time="1.368"/>
</testsuite>